Analysis & Synthesis report for Decoder
Fri Nov 26 17:52:15 2021
Quartus Prime Version 18.1.0 Build 625 09/12/2018 SJ Lite Edition


---------------------
; Table of Contents ;
---------------------
  1. Legal Notice
  2. Analysis & Synthesis Summary
  3. Analysis & Synthesis Settings
  4. Parallel Compilation
  5. Analysis & Synthesis Source Files Read
  6. Analysis & Synthesis Resource Usage Summary
  7. Analysis & Synthesis Resource Utilization by Entity
  8. User-Specified and Inferred Latches
  9. General Register Statistics
 10. Port Connectivity Checks: "decode:comb_3"
 11. Post-Synthesis Netlist Statistics for Top Partition
 12. Elapsed Time Per Partition
 13. Analysis & Synthesis Messages



----------------
; Legal Notice ;
----------------
Copyright (C) 2018  Intel Corporation. All rights reserved.
Your use of Intel Corporation's design tools, logic functions 
and other software and tools, and its AMPP partner logic 
functions, and any output files from any of the foregoing 
(including device programming or simulation files), and any 
associated documentation or information are expressly subject 
to the terms and conditions of the Intel Program License 
Subscription Agreement, the Intel Quartus Prime License Agreement,
the Intel FPGA IP License Agreement, or other applicable license
agreement, including, without limitation, that your use is for
the sole purpose of programming logic devices manufactured by
Intel and sold by Intel or its authorized distributors.  Please
refer to the applicable agreement for further details.



+-------------------------------------------------------------------------------+
; Analysis & Synthesis Summary                                                  ;
+---------------------------------+---------------------------------------------+
; Analysis & Synthesis Status     ; Successful - Fri Nov 26 17:52:15 2021       ;
; Quartus Prime Version           ; 18.1.0 Build 625 09/12/2018 SJ Lite Edition ;
; Revision Name                   ; Decoder                                     ;
; Top-level Entity Name           ; Decoder                                     ;
; Family                          ; Cyclone V                                   ;
; Logic utilization (in ALMs)     ; N/A                                         ;
; Total registers                 ; 0                                           ;
; Total pins                      ; 36                                          ;
; Total virtual pins              ; 0                                           ;
; Total block memory bits         ; 0                                           ;
; Total DSP Blocks                ; 0                                           ;
; Total HSSI RX PCSs              ; 0                                           ;
; Total HSSI PMA RX Deserializers ; 0                                           ;
; Total HSSI TX PCSs              ; 0                                           ;
; Total HSSI PMA TX Serializers   ; 0                                           ;
; Total PLLs                      ; 0                                           ;
; Total DLLs                      ; 0                                           ;
+---------------------------------+---------------------------------------------+


+---------------------------------------------------------------------------------------------------------------------------+
; Analysis & Synthesis Settings                                                                                             ;
+---------------------------------------------------------------------------------+--------------------+--------------------+
; Option                                                                          ; Setting            ; Default Value      ;
+---------------------------------------------------------------------------------+--------------------+--------------------+
; Device                                                                          ; 5CSXFC6D6F31C6     ;                    ;
; Top-level entity name                                                           ; Decoder            ; Decoder            ;
; Family name                                                                     ; Cyclone V          ; Cyclone V          ;
; Use smart compilation                                                           ; Off                ; Off                ;
; Enable parallel Assembler and Timing Analyzer during compilation                ; On                 ; On                 ;
; Enable compact report table                                                     ; Off                ; Off                ;
; Restructure Multiplexers                                                        ; Auto               ; Auto               ;
; MLAB Add Timing Constraints For Mixed-Port Feed-Through Mode Setting Don't Care ; Off                ; Off                ;
; Create Debugging Nodes for IP Cores                                             ; Off                ; Off                ;
; Preserve fewer node names                                                       ; On                 ; On                 ;
; Intel FPGA IP Evaluation Mode                                                   ; Enable             ; Enable             ;
; Verilog Version                                                                 ; Verilog_2001       ; Verilog_2001       ;
; VHDL Version                                                                    ; VHDL_1993          ; VHDL_1993          ;
; State Machine Processing                                                        ; Auto               ; Auto               ;
; Safe State Machine                                                              ; Off                ; Off                ;
; Extract Verilog State Machines                                                  ; On                 ; On                 ;
; Extract VHDL State Machines                                                     ; On                 ; On                 ;
; Ignore Verilog initial constructs                                               ; Off                ; Off                ;
; Iteration limit for constant Verilog loops                                      ; 5000               ; 5000               ;
; Iteration limit for non-constant Verilog loops                                  ; 250                ; 250                ;
; Add Pass-Through Logic to Inferred RAMs                                         ; On                 ; On                 ;
; Infer RAMs from Raw Logic                                                       ; On                 ; On                 ;
; Parallel Synthesis                                                              ; On                 ; On                 ;
; DSP Block Balancing                                                             ; Auto               ; Auto               ;
; NOT Gate Push-Back                                                              ; On                 ; On                 ;
; Power-Up Don't Care                                                             ; On                 ; On                 ;
; Remove Redundant Logic Cells                                                    ; Off                ; Off                ;
; Remove Duplicate Registers                                                      ; On                 ; On                 ;
; Ignore CARRY Buffers                                                            ; Off                ; Off                ;
; Ignore CASCADE Buffers                                                          ; Off                ; Off                ;
; Ignore GLOBAL Buffers                                                           ; Off                ; Off                ;
; Ignore ROW GLOBAL Buffers                                                       ; Off                ; Off                ;
; Ignore LCELL Buffers                                                            ; Off                ; Off                ;
; Ignore SOFT Buffers                                                             ; On                 ; On                 ;
; Limit AHDL Integers to 32 Bits                                                  ; Off                ; Off                ;
; Optimization Technique                                                          ; Balanced           ; Balanced           ;
; Carry Chain Length                                                              ; 70                 ; 70                 ;
; Auto Carry Chains                                                               ; On                 ; On                 ;
; Auto Open-Drain Pins                                                            ; On                 ; On                 ;
; Perform WYSIWYG Primitive Resynthesis                                           ; Off                ; Off                ;
; Auto ROM Replacement                                                            ; On                 ; On                 ;
; Auto RAM Replacement                                                            ; On                 ; On                 ;
; Auto DSP Block Replacement                                                      ; On                 ; On                 ;
; Auto Shift Register Replacement                                                 ; Auto               ; Auto               ;
; Allow Shift Register Merging across Hierarchies                                 ; Auto               ; Auto               ;
; Auto Clock Enable Replacement                                                   ; On                 ; On                 ;
; Strict RAM Replacement                                                          ; Off                ; Off                ;
; Allow Synchronous Control Signals                                               ; On                 ; On                 ;
; Force Use of Synchronous Clear Signals                                          ; Off                ; Off                ;
; Auto Resource Sharing                                                           ; Off                ; Off                ;
; Allow Any RAM Size For Recognition                                              ; Off                ; Off                ;
; Allow Any ROM Size For Recognition                                              ; Off                ; Off                ;
; Allow Any Shift Register Size For Recognition                                   ; Off                ; Off                ;
; Use LogicLock Constraints during Resource Balancing                             ; On                 ; On                 ;
; Ignore translate_off and synthesis_off directives                               ; Off                ; Off                ;
; Timing-Driven Synthesis                                                         ; On                 ; On                 ;
; Report Parameter Settings                                                       ; On                 ; On                 ;
; Report Source Assignments                                                       ; On                 ; On                 ;
; Report Connectivity Checks                                                      ; On                 ; On                 ;
; Ignore Maximum Fan-Out Assignments                                              ; Off                ; Off                ;
; Synchronization Register Chain Length                                           ; 3                  ; 3                  ;
; Power Optimization During Synthesis                                             ; Normal compilation ; Normal compilation ;
; HDL message level                                                               ; Level2             ; Level2             ;
; Suppress Register Optimization Related Messages                                 ; Off                ; Off                ;
; Number of Removed Registers Reported in Synthesis Report                        ; 5000               ; 5000               ;
; Number of Swept Nodes Reported in Synthesis Report                              ; 5000               ; 5000               ;
; Number of Inverted Registers Reported in Synthesis Report                       ; 100                ; 100                ;
; Clock MUX Protection                                                            ; On                 ; On                 ;
; Auto Gated Clock Conversion                                                     ; Off                ; Off                ;
; Block Design Naming                                                             ; Auto               ; Auto               ;
; SDC constraint protection                                                       ; Off                ; Off                ;
; Synthesis Effort                                                                ; Auto               ; Auto               ;
; Shift Register Replacement - Allow Asynchronous Clear Signal                    ; On                 ; On                 ;
; Pre-Mapping Resynthesis Optimization                                            ; Off                ; Off                ;
; Analysis & Synthesis Message Level                                              ; Medium             ; Medium             ;
; Disable Register Merging Across Hierarchies                                     ; Auto               ; Auto               ;
; Resource Aware Inference For Block RAM                                          ; On                 ; On                 ;
; Automatic Parallel Synthesis                                                    ; On                 ; On                 ;
; Partial Reconfiguration Bitstream ID                                            ; Off                ; Off                ;
+---------------------------------------------------------------------------------+--------------------+--------------------+


+------------------------------------------+
; Parallel Compilation                     ;
+----------------------------+-------------+
; Processors                 ; Number      ;
+----------------------------+-------------+
; Number detected on machine ; 8           ;
; Maximum allowed            ; 4           ;
;                            ;             ;
; Average used               ; 1.00        ;
; Maximum used               ; 4           ;
;                            ;             ;
; Usage by Processor         ; % Time Used ;
;     Processor 1            ; 100.0%      ;
;     Processors 2-4         ;   0.0%      ;
+----------------------------+-------------+


+---------------------------------------------------------------------------------------------------------------------------------------------------------------------+
; Analysis & Synthesis Source Files Read                                                                                                                              ;
+----------------------------------+-----------------+------------------------------+-----------------------------------------------------------------------+---------+
; File Name with User-Entered Path ; Used in Netlist ; File Type                    ; File Name with Absolute Path                                          ; Library ;
+----------------------------------+-----------------+------------------------------+-----------------------------------------------------------------------+---------+
; Decoder.sv                       ; yes             ; User SystemVerilog HDL File  ; G:/VLSI_ASIC_IC_designs/RISC-V_with_quartus/RV32IA_decoder/Decoder.sv ;         ;
+----------------------------------+-----------------+------------------------------+-----------------------------------------------------------------------+---------+


+----------------------------------------------------------+
; Analysis & Synthesis Resource Usage Summary              ;
+---------------------------------------------+------------+
; Resource                                    ; Usage      ;
+---------------------------------------------+------------+
; Estimate of Logic utilization (ALMs needed) ; 7          ;
;                                             ;            ;
; Combinational ALUT usage for logic          ; 10         ;
;     -- 7 input functions                    ; 0          ;
;     -- 6 input functions                    ; 3          ;
;     -- 5 input functions                    ; 6          ;
;     -- 4 input functions                    ; 0          ;
;     -- <=3 input functions                  ; 1          ;
;                                             ;            ;
; Dedicated logic registers                   ; 0          ;
;                                             ;            ;
; I/O pins                                    ; 36         ;
;                                             ;            ;
; Total DSP Blocks                            ; 0          ;
;                                             ;            ;
; Maximum fan-out node                        ; a[4]~input ;
; Maximum fan-out                             ; 4          ;
; Total fan-out                               ; 88         ;
; Average fan-out                             ; 1.07       ;
+---------------------------------------------+------------+


+-------------------------------------------------------------------------------------------------------------------------------------------------------------------------------------------+
; Analysis & Synthesis Resource Utilization by Entity                                                                                                                                       ;
+----------------------------+---------------------+---------------------------+-------------------+------------+------+--------------+------------------------+-------------+--------------+
; Compilation Hierarchy Node ; Combinational ALUTs ; Dedicated Logic Registers ; Block Memory Bits ; DSP Blocks ; Pins ; Virtual Pins ; Full Hierarchy Name    ; Entity Name ; Library Name ;
+----------------------------+---------------------+---------------------------+-------------------+------------+------+--------------+------------------------+-------------+--------------+
; |Decoder                   ; 10 (0)              ; 0 (0)                     ; 0                 ; 0          ; 36   ; 0            ; |Decoder               ; Decoder     ; work         ;
;    |decode:comb_3|         ; 10 (10)             ; 0 (0)                     ; 0                 ; 0          ; 0    ; 0            ; |Decoder|decode:comb_3 ; decode      ; work         ;
+----------------------------+---------------------+---------------------------+-------------------+------------+------+--------------+------------------------+-------------+--------------+
Note: For table entries with two numbers listed, the numbers in parentheses indicate the number of resources of the given type used by the specific entity alone. The numbers listed outside of parentheses indicate the total resources of the given type used by the specific entity and all of its sub-entities in the hierarchy.


+-------------------------------------------------------------------------------------------------------+
; User-Specified and Inferred Latches                                                                   ;
+----------------------------------------------------+-------------------------+------------------------+
; Latch Name                                         ; Latch Enable Signal     ; Free of Timing Hazards ;
+----------------------------------------------------+-------------------------+------------------------+
; decode:comb_3|alu_op[0]                            ; decode:comb_3|Selector5 ; yes                    ;
; Number of user-specified and inferred latches = 1  ;                         ;                        ;
+----------------------------------------------------+-------------------------+------------------------+
Note: All latches listed above may not be present at the end of synthesis due to various synthesis optimizations.


+------------------------------------------------------+
; General Register Statistics                          ;
+----------------------------------------------+-------+
; Statistic                                    ; Value ;
+----------------------------------------------+-------+
; Total registers                              ; 0     ;
; Number of registers using Synchronous Clear  ; 0     ;
; Number of registers using Synchronous Load   ; 0     ;
; Number of registers using Asynchronous Clear ; 0     ;
; Number of registers using Asynchronous Load  ; 0     ;
; Number of registers using Clock Enable       ; 0     ;
; Number of registers using Preset             ; 0     ;
+----------------------------------------------+-------+


+-----------------------------------------------------------------------------------------------------------------------------------------+
; Port Connectivity Checks: "decode:comb_3"                                                                                               ;
+----------+--------+----------+----------------------------------------------------------------------------------------------------------+
; Port     ; Type   ; Severity ; Details                                                                                                  ;
+----------+--------+----------+----------------------------------------------------------------------------------------------------------+
; RegDst   ; Output ; Warning  ; Declared by entity but not connected by instance. Logic that only feeds a dangling port will be removed. ;
; Branch   ; Output ; Warning  ; Declared by entity but not connected by instance. Logic that only feeds a dangling port will be removed. ;
; MemRead  ; Output ; Warning  ; Declared by entity but not connected by instance. Logic that only feeds a dangling port will be removed. ;
; MemtoReg ; Output ; Warning  ; Declared by entity but not connected by instance. Logic that only feeds a dangling port will be removed. ;
; MemWrite ; Output ; Warning  ; Declared by entity but not connected by instance. Logic that only feeds a dangling port will be removed. ;
; ALUSrc   ; Output ; Warning  ; Declared by entity but not connected by instance. Logic that only feeds a dangling port will be removed. ;
; RegWrite ; Output ; Warning  ; Declared by entity but not connected by instance. Logic that only feeds a dangling port will be removed. ;
+----------+--------+----------+----------------------------------------------------------------------------------------------------------+


+-----------------------------------------------------+
; Post-Synthesis Netlist Statistics for Top Partition ;
+-----------------------+-----------------------------+
; Type                  ; Count                       ;
+-----------------------+-----------------------------+
; arriav_lcell_comb     ; 11                          ;
;     normal            ; 11                          ;
;         0 data inputs ; 1                           ;
;         3 data inputs ; 1                           ;
;         5 data inputs ; 6                           ;
;         6 data inputs ; 3                           ;
; boundary_port         ; 36                          ;
;                       ;                             ;
; Max LUT depth         ; 4.00                        ;
; Average LUT depth     ; 3.29                        ;
+-----------------------+-----------------------------+


+-------------------------------+
; Elapsed Time Per Partition    ;
+----------------+--------------+
; Partition Name ; Elapsed Time ;
+----------------+--------------+
; Top            ; 00:00:00     ;
+----------------+--------------+


+-------------------------------+
; Analysis & Synthesis Messages ;
+-------------------------------+
Info: *******************************************************************
Info: Running Quartus Prime Analysis & Synthesis
    Info: Version 18.1.0 Build 625 09/12/2018 SJ Lite Edition
    Info: Processing started: Fri Nov 26 17:52:03 2021
Info: Command: quartus_map --read_settings_files=on --write_settings_files=off Decoder -c Decoder
Warning (18236): Number of processors has not been specified which may cause overloading on shared machines.  Set the global assignment NUM_PARALLEL_PROCESSORS in your QSF to an appropriate value for best performance.
Info (20030): Parallel compilation is enabled and will use 4 of the 4 processors detected
Info (12021): Found 1 design units, including 1 entities, in source file rv32.sv
    Info (12023): Found entity 1: rv32 File: G:/VLSI_ASIC_IC_designs/RISC-V_with_quartus/RV32IA_decoder/rv32.sv Line: 4
Info (12021): Found 2 design units, including 2 entities, in source file decoder.sv
    Info (12023): Found entity 1: Decoder File: G:/VLSI_ASIC_IC_designs/RISC-V_with_quartus/RV32IA_decoder/Decoder.sv Line: 88
    Info (12023): Found entity 2: decode File: G:/VLSI_ASIC_IC_designs/RISC-V_with_quartus/RV32IA_decoder/Decoder.sv Line: 97
Info (12021): Found 1 design units, including 1 entities, in source file decode.sv
    Info (12023): Found entity 1: Decode File: G:/VLSI_ASIC_IC_designs/RISC-V_with_quartus/RV32IA_decoder/Decode.sv Line: 1
Critical Warning (10846): Verilog HDL Instantiation warning at Decoder.sv(93): instance has no name File: G:/VLSI_ASIC_IC_designs/RISC-V_with_quartus/RV32IA_decoder/Decoder.sv Line: 93
Info (12127): Elaborating entity "Decoder" for the top level hierarchy
Info (12128): Elaborating entity "decode" for hierarchy "decode:comb_3" File: G:/VLSI_ASIC_IC_designs/RISC-V_with_quartus/RV32IA_decoder/Decoder.sv Line: 93
Warning (10270): Verilog HDL Case Statement warning at Decoder.sv(160): incomplete case statement has no default case item File: G:/VLSI_ASIC_IC_designs/RISC-V_with_quartus/RV32IA_decoder/Decoder.sv Line: 160
Warning (10270): Verilog HDL Case Statement warning at Decoder.sv(231): incomplete case statement has no default case item File: G:/VLSI_ASIC_IC_designs/RISC-V_with_quartus/RV32IA_decoder/Decoder.sv Line: 231
Warning (10270): Verilog HDL Case Statement warning at Decoder.sv(291): incomplete case statement has no default case item File: G:/VLSI_ASIC_IC_designs/RISC-V_with_quartus/RV32IA_decoder/Decoder.sv Line: 291
Warning (10270): Verilog HDL Case Statement warning at Decoder.sv(329): incomplete case statement has no default case item File: G:/VLSI_ASIC_IC_designs/RISC-V_with_quartus/RV32IA_decoder/Decoder.sv Line: 329
Warning (10235): Verilog HDL Always Construct warning at Decoder.sv(425): variable "funct7" is read inside the Always Construct but isn't in the Always Construct's Event Control File: G:/VLSI_ASIC_IC_designs/RISC-V_with_quartus/RV32IA_decoder/Decoder.sv Line: 425
Warning (10272): Verilog HDL Case Statement warning at Decoder.sv(423): case item expression covers a value already covered by a previous case item File: G:/VLSI_ASIC_IC_designs/RISC-V_with_quartus/RV32IA_decoder/Decoder.sv Line: 423
Warning (10270): Verilog HDL Case Statement warning at Decoder.sv(400): incomplete case statement has no default case item File: G:/VLSI_ASIC_IC_designs/RISC-V_with_quartus/RV32IA_decoder/Decoder.sv Line: 400
Warning (10235): Verilog HDL Always Construct warning at Decoder.sv(466): variable "funct7" is read inside the Always Construct but isn't in the Always Construct's Event Control File: G:/VLSI_ASIC_IC_designs/RISC-V_with_quartus/RV32IA_decoder/Decoder.sv Line: 466
Warning (10235): Verilog HDL Always Construct warning at Decoder.sv(546): variable "funct7" is read inside the Always Construct but isn't in the Always Construct's Event Control File: G:/VLSI_ASIC_IC_designs/RISC-V_with_quartus/RV32IA_decoder/Decoder.sv Line: 546
Warning (10272): Verilog HDL Case Statement warning at Decoder.sv(464): case item expression covers a value already covered by a previous case item File: G:/VLSI_ASIC_IC_designs/RISC-V_with_quartus/RV32IA_decoder/Decoder.sv Line: 464
Warning (10272): Verilog HDL Case Statement warning at Decoder.sv(544): case item expression covers a value already covered by a previous case item File: G:/VLSI_ASIC_IC_designs/RISC-V_with_quartus/RV32IA_decoder/Decoder.sv Line: 544
Warning (10272): Verilog HDL Case Statement warning at Decoder.sv(398): case item expression covers a value already covered by a previous case item File: G:/VLSI_ASIC_IC_designs/RISC-V_with_quartus/RV32IA_decoder/Decoder.sv Line: 398
Warning (10272): Verilog HDL Case Statement warning at Decoder.sv(646): case item expression covers a value already covered by a previous case item File: G:/VLSI_ASIC_IC_designs/RISC-V_with_quartus/RV32IA_decoder/Decoder.sv Line: 646
Warning (10240): Verilog HDL Always Construct warning at Decoder.sv(112): inferring latch(es) for variable "RegDst", which holds its previous value in one or more paths through the always construct File: G:/VLSI_ASIC_IC_designs/RISC-V_with_quartus/RV32IA_decoder/Decoder.sv Line: 112
Warning (10240): Verilog HDL Always Construct warning at Decoder.sv(112): inferring latch(es) for variable "Branch", which holds its previous value in one or more paths through the always construct File: G:/VLSI_ASIC_IC_designs/RISC-V_with_quartus/RV32IA_decoder/Decoder.sv Line: 112
Warning (10240): Verilog HDL Always Construct warning at Decoder.sv(112): inferring latch(es) for variable "MemRead", which holds its previous value in one or more paths through the always construct File: G:/VLSI_ASIC_IC_designs/RISC-V_with_quartus/RV32IA_decoder/Decoder.sv Line: 112
Warning (10240): Verilog HDL Always Construct warning at Decoder.sv(112): inferring latch(es) for variable "MemtoReg", which holds its previous value in one or more paths through the always construct File: G:/VLSI_ASIC_IC_designs/RISC-V_with_quartus/RV32IA_decoder/Decoder.sv Line: 112
Warning (10240): Verilog HDL Always Construct warning at Decoder.sv(112): inferring latch(es) for variable "alu_op", which holds its previous value in one or more paths through the always construct File: G:/VLSI_ASIC_IC_designs/RISC-V_with_quartus/RV32IA_decoder/Decoder.sv Line: 112
Warning (10240): Verilog HDL Always Construct warning at Decoder.sv(112): inferring latch(es) for variable "MemWrite", which holds its previous value in one or more paths through the always construct File: G:/VLSI_ASIC_IC_designs/RISC-V_with_quartus/RV32IA_decoder/Decoder.sv Line: 112
Warning (10240): Verilog HDL Always Construct warning at Decoder.sv(112): inferring latch(es) for variable "ALUSrc", which holds its previous value in one or more paths through the always construct File: G:/VLSI_ASIC_IC_designs/RISC-V_with_quartus/RV32IA_decoder/Decoder.sv Line: 112
Warning (10240): Verilog HDL Always Construct warning at Decoder.sv(112): inferring latch(es) for variable "RegWrite", which holds its previous value in one or more paths through the always construct File: G:/VLSI_ASIC_IC_designs/RISC-V_with_quartus/RV32IA_decoder/Decoder.sv Line: 112
Info (10041): Inferred latch for "RegWrite" at Decoder.sv(112) File: G:/VLSI_ASIC_IC_designs/RISC-V_with_quartus/RV32IA_decoder/Decoder.sv Line: 112
Info (10041): Inferred latch for "ALUSrc" at Decoder.sv(112) File: G:/VLSI_ASIC_IC_designs/RISC-V_with_quartus/RV32IA_decoder/Decoder.sv Line: 112
Info (10041): Inferred latch for "MemWrite" at Decoder.sv(112) File: G:/VLSI_ASIC_IC_designs/RISC-V_with_quartus/RV32IA_decoder/Decoder.sv Line: 112
Info (10041): Inferred latch for "alu_op[0]" at Decoder.sv(112) File: G:/VLSI_ASIC_IC_designs/RISC-V_with_quartus/RV32IA_decoder/Decoder.sv Line: 112
Info (10041): Inferred latch for "alu_op[1]" at Decoder.sv(112) File: G:/VLSI_ASIC_IC_designs/RISC-V_with_quartus/RV32IA_decoder/Decoder.sv Line: 112
Info (10041): Inferred latch for "alu_op[2]" at Decoder.sv(112) File: G:/VLSI_ASIC_IC_designs/RISC-V_with_quartus/RV32IA_decoder/Decoder.sv Line: 112
Info (10041): Inferred latch for "alu_op[3]" at Decoder.sv(112) File: G:/VLSI_ASIC_IC_designs/RISC-V_with_quartus/RV32IA_decoder/Decoder.sv Line: 112
Info (10041): Inferred latch for "MemtoReg" at Decoder.sv(112) File: G:/VLSI_ASIC_IC_designs/RISC-V_with_quartus/RV32IA_decoder/Decoder.sv Line: 112
Info (10041): Inferred latch for "MemRead" at Decoder.sv(112) File: G:/VLSI_ASIC_IC_designs/RISC-V_with_quartus/RV32IA_decoder/Decoder.sv Line: 112
Info (10041): Inferred latch for "Branch" at Decoder.sv(112) File: G:/VLSI_ASIC_IC_designs/RISC-V_with_quartus/RV32IA_decoder/Decoder.sv Line: 112
Info (10041): Inferred latch for "RegDst" at Decoder.sv(112) File: G:/VLSI_ASIC_IC_designs/RISC-V_with_quartus/RV32IA_decoder/Decoder.sv Line: 112
Warning (12241): 1 hierarchies have connectivity warnings - see the Connectivity Checks report folder
Warning (13012): Latch decode:comb_3|alu_op[0] has unsafe behavior File: G:/VLSI_ASIC_IC_designs/RISC-V_with_quartus/RV32IA_decoder/Decoder.sv Line: 112
    Warning (13013): Ports D and ENA on the latch are fed by the same signal a[0] File: G:/VLSI_ASIC_IC_designs/RISC-V_with_quartus/RV32IA_decoder/Decoder.sv Line: 89
Warning (13024): Output pins are stuck at VCC or GND
    Warning (13410): Pin "c[1]" is stuck at GND File: G:/VLSI_ASIC_IC_designs/RISC-V_with_quartus/RV32IA_decoder/Decoder.sv Line: 90
    Warning (13410): Pin "c[2]" is stuck at GND File: G:/VLSI_ASIC_IC_designs/RISC-V_with_quartus/RV32IA_decoder/Decoder.sv Line: 90
    Warning (13410): Pin "c[3]" is stuck at GND File: G:/VLSI_ASIC_IC_designs/RISC-V_with_quartus/RV32IA_decoder/Decoder.sv Line: 90
Info (286030): Timing-Driven Synthesis is running
Info (16010): Generating hard_block partition "hard_block:auto_generated_inst"
    Info (16011): Adding 0 node(s), including 0 DDIO, 0 PLL, 0 transceiver and 0 LCELL
Warning (21074): Design contains 10 input pin(s) that do not drive logic
    Warning (15610): No output dependent on input pin "a[7]" File: G:/VLSI_ASIC_IC_designs/RISC-V_with_quartus/RV32IA_decoder/Decoder.sv Line: 89
    Warning (15610): No output dependent on input pin "a[8]" File: G:/VLSI_ASIC_IC_designs/RISC-V_with_quartus/RV32IA_decoder/Decoder.sv Line: 89
    Warning (15610): No output dependent on input pin "a[9]" File: G:/VLSI_ASIC_IC_designs/RISC-V_with_quartus/RV32IA_decoder/Decoder.sv Line: 89
    Warning (15610): No output dependent on input pin "a[10]" File: G:/VLSI_ASIC_IC_designs/RISC-V_with_quartus/RV32IA_decoder/Decoder.sv Line: 89
    Warning (15610): No output dependent on input pin "a[11]" File: G:/VLSI_ASIC_IC_designs/RISC-V_with_quartus/RV32IA_decoder/Decoder.sv Line: 89
    Warning (15610): No output dependent on input pin "a[15]" File: G:/VLSI_ASIC_IC_designs/RISC-V_with_quartus/RV32IA_decoder/Decoder.sv Line: 89
    Warning (15610): No output dependent on input pin "a[16]" File: G:/VLSI_ASIC_IC_designs/RISC-V_with_quartus/RV32IA_decoder/Decoder.sv Line: 89
    Warning (15610): No output dependent on input pin "a[17]" File: G:/VLSI_ASIC_IC_designs/RISC-V_with_quartus/RV32IA_decoder/Decoder.sv Line: 89
    Warning (15610): No output dependent on input pin "a[18]" File: G:/VLSI_ASIC_IC_designs/RISC-V_with_quartus/RV32IA_decoder/Decoder.sv Line: 89
    Warning (15610): No output dependent on input pin "a[19]" File: G:/VLSI_ASIC_IC_designs/RISC-V_with_quartus/RV32IA_decoder/Decoder.sv Line: 89
Info (21057): Implemented 46 device resources after synthesis - the final resource count might be different
    Info (21058): Implemented 32 input pins
    Info (21059): Implemented 4 output pins
    Info (21061): Implemented 10 logic cells
Info: Quartus Prime Analysis & Synthesis was successful. 0 errors, 41 warnings
    Info: Peak virtual memory: 4835 megabytes
    Info: Processing ended: Fri Nov 26 17:52:15 2021
    Info: Elapsed time: 00:00:12
    Info: Total CPU time (on all processors): 00:00:27


