Analysis & Synthesis report for sample
Mon Sep 13 22:34:08 2021
Quartus Prime Version 18.1.0 Build 625 09/12/2018 SJ Lite Edition


---------------------
; Table of Contents ;
---------------------
  1. Legal Notice
  2. Analysis & Synthesis Summary
  3. Analysis & Synthesis Settings
  4. Parallel Compilation
  5. Analysis & Synthesis Source Files Read
  6. Analysis & Synthesis Resource Usage Summary
  7. Analysis & Synthesis Resource Utilization by Entity
  8. General Register Statistics
  9. Inverted Register Statistics
 10. Multiplexer Restructuring Statistics (Restructuring Performed)
 11. Port Connectivity Checks: "register:register|demux1_16:in"
 12. Port Connectivity Checks: "register:register|adder_32bit:pc|adder:a31"
 13. Port Connectivity Checks: "register:register|adder_32bit:pc"
 14. Post-Synthesis Netlist Statistics for Top Partition
 15. Elapsed Time Per Partition
 16. Analysis & Synthesis Messages



----------------
; Legal Notice ;
----------------
Copyright (C) 2018  Intel Corporation. All rights reserved.
Your use of Intel Corporation's design tools, logic functions 
and other software and tools, and its AMPP partner logic 
functions, and any output files from any of the foregoing 
(including device programming or simulation files), and any 
associated documentation or information are expressly subject 
to the terms and conditions of the Intel Program License 
Subscription Agreement, the Intel Quartus Prime License Agreement,
the Intel FPGA IP License Agreement, or other applicable license
agreement, including, without limitation, that your use is for
the sole purpose of programming logic devices manufactured by
Intel and sold by Intel or its authorized distributors.  Please
refer to the applicable agreement for further details.



+-------------------------------------------------------------------------------+
; Analysis & Synthesis Summary                                                  ;
+---------------------------------+---------------------------------------------+
; Analysis & Synthesis Status     ; Successful - Mon Sep 13 22:34:08 2021       ;
; Quartus Prime Version           ; 18.1.0 Build 625 09/12/2018 SJ Lite Edition ;
; Revision Name                   ; sample                                      ;
; Top-level Entity Name           ; sample                                      ;
; Family                          ; Cyclone V                                   ;
; Logic utilization (in ALMs)     ; N/A                                         ;
; Total registers                 ; 516                                         ;
; Total pins                      ; 100                                         ;
; Total virtual pins              ; 0                                           ;
; Total block memory bits         ; 0                                           ;
; Total DSP Blocks                ; 0                                           ;
; Total HSSI RX PCSs              ; 0                                           ;
; Total HSSI PMA RX Deserializers ; 0                                           ;
; Total HSSI TX PCSs              ; 0                                           ;
; Total HSSI PMA TX Serializers   ; 0                                           ;
; Total PLLs                      ; 0                                           ;
; Total DLLs                      ; 0                                           ;
+---------------------------------+---------------------------------------------+


+---------------------------------------------------------------------------------------------------------------------------+
; Analysis & Synthesis Settings                                                                                             ;
+---------------------------------------------------------------------------------+--------------------+--------------------+
; Option                                                                          ; Setting            ; Default Value      ;
+---------------------------------------------------------------------------------+--------------------+--------------------+
; Device                                                                          ; 5CGXFC7C7F23C8     ;                    ;
; Top-level entity name                                                           ; sample             ; sample             ;
; Family name                                                                     ; Cyclone V          ; Cyclone V          ;
; Use smart compilation                                                           ; Off                ; Off                ;
; Enable parallel Assembler and Timing Analyzer during compilation                ; On                 ; On                 ;
; Enable compact report table                                                     ; Off                ; Off                ;
; Restructure Multiplexers                                                        ; Auto               ; Auto               ;
; MLAB Add Timing Constraints For Mixed-Port Feed-Through Mode Setting Don't Care ; Off                ; Off                ;
; Create Debugging Nodes for IP Cores                                             ; Off                ; Off                ;
; Preserve fewer node names                                                       ; On                 ; On                 ;
; Intel FPGA IP Evaluation Mode                                                   ; Enable             ; Enable             ;
; Verilog Version                                                                 ; Verilog_2001       ; Verilog_2001       ;
; VHDL Version                                                                    ; VHDL_1993          ; VHDL_1993          ;
; State Machine Processing                                                        ; Auto               ; Auto               ;
; Safe State Machine                                                              ; Off                ; Off                ;
; Extract Verilog State Machines                                                  ; On                 ; On                 ;
; Extract VHDL State Machines                                                     ; On                 ; On                 ;
; Ignore Verilog initial constructs                                               ; Off                ; Off                ;
; Iteration limit for constant Verilog loops                                      ; 5000               ; 5000               ;
; Iteration limit for non-constant Verilog loops                                  ; 250                ; 250                ;
; Add Pass-Through Logic to Inferred RAMs                                         ; On                 ; On                 ;
; Infer RAMs from Raw Logic                                                       ; On                 ; On                 ;
; Parallel Synthesis                                                              ; On                 ; On                 ;
; DSP Block Balancing                                                             ; Auto               ; Auto               ;
; NOT Gate Push-Back                                                              ; On                 ; On                 ;
; Power-Up Don't Care                                                             ; On                 ; On                 ;
; Remove Redundant Logic Cells                                                    ; Off                ; Off                ;
; Remove Duplicate Registers                                                      ; On                 ; On                 ;
; Ignore CARRY Buffers                                                            ; Off                ; Off                ;
; Ignore CASCADE Buffers                                                          ; Off                ; Off                ;
; Ignore GLOBAL Buffers                                                           ; Off                ; Off                ;
; Ignore ROW GLOBAL Buffers                                                       ; Off                ; Off                ;
; Ignore LCELL Buffers                                                            ; Off                ; Off                ;
; Ignore SOFT Buffers                                                             ; On                 ; On                 ;
; Limit AHDL Integers to 32 Bits                                                  ; Off                ; Off                ;
; Optimization Technique                                                          ; Balanced           ; Balanced           ;
; Carry Chain Length                                                              ; 70                 ; 70                 ;
; Auto Carry Chains                                                               ; On                 ; On                 ;
; Auto Open-Drain Pins                                                            ; On                 ; On                 ;
; Perform WYSIWYG Primitive Resynthesis                                           ; Off                ; Off                ;
; Auto ROM Replacement                                                            ; On                 ; On                 ;
; Auto RAM Replacement                                                            ; On                 ; On                 ;
; Auto DSP Block Replacement                                                      ; On                 ; On                 ;
; Auto Shift Register Replacement                                                 ; Auto               ; Auto               ;
; Allow Shift Register Merging across Hierarchies                                 ; Auto               ; Auto               ;
; Auto Clock Enable Replacement                                                   ; On                 ; On                 ;
; Strict RAM Replacement                                                          ; Off                ; Off                ;
; Allow Synchronous Control Signals                                               ; On                 ; On                 ;
; Force Use of Synchronous Clear Signals                                          ; Off                ; Off                ;
; Auto Resource Sharing                                                           ; Off                ; Off                ;
; Allow Any RAM Size For Recognition                                              ; Off                ; Off                ;
; Allow Any ROM Size For Recognition                                              ; Off                ; Off                ;
; Allow Any Shift Register Size For Recognition                                   ; Off                ; Off                ;
; Use LogicLock Constraints during Resource Balancing                             ; On                 ; On                 ;
; Ignore translate_off and synthesis_off directives                               ; Off                ; Off                ;
; Timing-Driven Synthesis                                                         ; On                 ; On                 ;
; Report Parameter Settings                                                       ; On                 ; On                 ;
; Report Source Assignments                                                       ; On                 ; On                 ;
; Report Connectivity Checks                                                      ; On                 ; On                 ;
; Ignore Maximum Fan-Out Assignments                                              ; Off                ; Off                ;
; Synchronization Register Chain Length                                           ; 3                  ; 3                  ;
; Power Optimization During Synthesis                                             ; Normal compilation ; Normal compilation ;
; HDL message level                                                               ; Level2             ; Level2             ;
; Suppress Register Optimization Related Messages                                 ; Off                ; Off                ;
; Number of Removed Registers Reported in Synthesis Report                        ; 5000               ; 5000               ;
; Number of Swept Nodes Reported in Synthesis Report                              ; 5000               ; 5000               ;
; Number of Inverted Registers Reported in Synthesis Report                       ; 100                ; 100                ;
; Clock MUX Protection                                                            ; On                 ; On                 ;
; Auto Gated Clock Conversion                                                     ; Off                ; Off                ;
; Block Design Naming                                                             ; Auto               ; Auto               ;
; SDC constraint protection                                                       ; Off                ; Off                ;
; Synthesis Effort                                                                ; Auto               ; Auto               ;
; Shift Register Replacement - Allow Asynchronous Clear Signal                    ; On                 ; On                 ;
; Pre-Mapping Resynthesis Optimization                                            ; Off                ; Off                ;
; Analysis & Synthesis Message Level                                              ; Medium             ; Medium             ;
; Disable Register Merging Across Hierarchies                                     ; Auto               ; Auto               ;
; Resource Aware Inference For Block RAM                                          ; On                 ; On                 ;
; Automatic Parallel Synthesis                                                    ; On                 ; On                 ;
; Partial Reconfiguration Bitstream ID                                            ; Off                ; Off                ;
+---------------------------------------------------------------------------------+--------------------+--------------------+


+------------------------------------------+
; Parallel Compilation                     ;
+----------------------------+-------------+
; Processors                 ; Number      ;
+----------------------------+-------------+
; Number detected on machine ; 8           ;
; Maximum allowed            ; 4           ;
;                            ;             ;
; Average used               ; 1.00        ;
; Maximum used               ; 4           ;
;                            ;             ;
; Usage by Processor         ; % Time Used ;
;     Processor 1            ; 100.0%      ;
;     Processor 2            ;   0.0%      ;
;     Processor 3            ;   0.0%      ;
;     Processor 4            ;   0.0%      ;
+----------------------------+-------------+


+-------------------------------------------------------------------------------------------------------------------------------------------------------+
; Analysis & Synthesis Source Files Read                                                                                                                ;
+----------------------------------+-----------------+------------------------+---------------------------------------------------------------+---------+
; File Name with User-Entered Path ; Used in Netlist ; File Type              ; File Name with Absolute Path                                  ; Library ;
+----------------------------------+-----------------+------------------------+---------------------------------------------------------------+---------+
; sample.v                         ; yes             ; User Verilog HDL File  ; G:/VLSI_ASIC_IC_designs/quartus_project/RISCV_sample/sample.v ;         ;
+----------------------------------+-----------------+------------------------+---------------------------------------------------------------+---------+


+---------------------------------------------------------+
; Analysis & Synthesis Resource Usage Summary             ;
+---------------------------------------------+-----------+
; Resource                                    ; Usage     ;
+---------------------------------------------+-----------+
; Estimate of Logic utilization (ALMs needed) ; 521       ;
;                                             ;           ;
; Combinational ALUT usage for logic          ; 593       ;
;     -- 7 input functions                    ; 7         ;
;     -- 6 input functions                    ; 383       ;
;     -- 5 input functions                    ; 48        ;
;     -- 4 input functions                    ; 70        ;
;     -- <=3 input functions                  ; 85        ;
;                                             ;           ;
; Dedicated logic registers                   ; 516       ;
;                                             ;           ;
; I/O pins                                    ; 100       ;
;                                             ;           ;
; Total DSP Blocks                            ; 0         ;
;                                             ;           ;
; Maximum fan-out node                        ; clk~input ;
; Maximum fan-out                             ; 516       ;
; Total fan-out                               ; 5302      ;
; Average fan-out                             ; 4.05      ;
+---------------------------------------------+-----------+


+----------------------------------------------------------------------------------------------------------------------------------------------------------------------------------------------------------------------------------------+
; Analysis & Synthesis Resource Utilization by Entity                                                                                                                                                                                    ;
+-------------------------------------+---------------------+---------------------------+-------------------+------------+------+--------------+----------------------------------------------------+---------------------+--------------+
; Compilation Hierarchy Node          ; Combinational ALUTs ; Dedicated Logic Registers ; Block Memory Bits ; DSP Blocks ; Pins ; Virtual Pins ; Full Hierarchy Name                                ; Entity Name         ; Library Name ;
+-------------------------------------+---------------------+---------------------------+-------------------+------------+------+--------------+----------------------------------------------------+---------------------+--------------+
; |sample                             ; 593 (70)            ; 516 (0)                   ; 0                 ; 0          ; 100  ; 0            ; |sample                                            ; sample              ; work         ;
;    |ALU:ALU|                        ; 156 (113)           ; 1 (1)                     ; 0                 ; 0          ; 0    ; 0            ; |sample|ALU:ALU                                    ; ALU                 ; work         ;
;       |adder_32bit:a0|              ; 43 (0)              ; 0 (0)                     ; 0                 ; 0          ; 0    ; 0            ; |sample|ALU:ALU|adder_32bit:a0                     ; adder_32bit         ; work         ;
;          |adder:a11|                ; 2 (2)               ; 0 (0)                     ; 0                 ; 0          ; 0    ; 0            ; |sample|ALU:ALU|adder_32bit:a0|adder:a11           ; adder               ; work         ;
;          |adder:a13|                ; 2 (2)               ; 0 (0)                     ; 0                 ; 0          ; 0    ; 0            ; |sample|ALU:ALU|adder_32bit:a0|adder:a13           ; adder               ; work         ;
;          |adder:a14|                ; 3 (3)               ; 0 (0)                     ; 0                 ; 0          ; 0    ; 0            ; |sample|ALU:ALU|adder_32bit:a0|adder:a14           ; adder               ; work         ;
;          |adder:a16|                ; 2 (2)               ; 0 (0)                     ; 0                 ; 0          ; 0    ; 0            ; |sample|ALU:ALU|adder_32bit:a0|adder:a16           ; adder               ; work         ;
;          |adder:a18|                ; 1 (1)               ; 0 (0)                     ; 0                 ; 0          ; 0    ; 0            ; |sample|ALU:ALU|adder_32bit:a0|adder:a18           ; adder               ; work         ;
;          |adder:a19|                ; 3 (3)               ; 0 (0)                     ; 0                 ; 0          ; 0    ; 0            ; |sample|ALU:ALU|adder_32bit:a0|adder:a19           ; adder               ; work         ;
;          |adder:a1|                 ; 1 (1)               ; 0 (0)                     ; 0                 ; 0          ; 0    ; 0            ; |sample|ALU:ALU|adder_32bit:a0|adder:a1            ; adder               ; work         ;
;          |adder:a21|                ; 2 (2)               ; 0 (0)                     ; 0                 ; 0          ; 0    ; 0            ; |sample|ALU:ALU|adder_32bit:a0|adder:a21           ; adder               ; work         ;
;          |adder:a22|                ; 1 (1)               ; 0 (0)                     ; 0                 ; 0          ; 0    ; 0            ; |sample|ALU:ALU|adder_32bit:a0|adder:a22           ; adder               ; work         ;
;          |adder:a23|                ; 2 (2)               ; 0 (0)                     ; 0                 ; 0          ; 0    ; 0            ; |sample|ALU:ALU|adder_32bit:a0|adder:a23           ; adder               ; work         ;
;          |adder:a24|                ; 3 (3)               ; 0 (0)                     ; 0                 ; 0          ; 0    ; 0            ; |sample|ALU:ALU|adder_32bit:a0|adder:a24           ; adder               ; work         ;
;          |adder:a26|                ; 2 (2)               ; 0 (0)                     ; 0                 ; 0          ; 0    ; 0            ; |sample|ALU:ALU|adder_32bit:a0|adder:a26           ; adder               ; work         ;
;          |adder:a27|                ; 1 (1)               ; 0 (0)                     ; 0                 ; 0          ; 0    ; 0            ; |sample|ALU:ALU|adder_32bit:a0|adder:a27           ; adder               ; work         ;
;          |adder:a28|                ; 1 (1)               ; 0 (0)                     ; 0                 ; 0          ; 0    ; 0            ; |sample|ALU:ALU|adder_32bit:a0|adder:a28           ; adder               ; work         ;
;          |adder:a29|                ; 4 (4)               ; 0 (0)                     ; 0                 ; 0          ; 0    ; 0            ; |sample|ALU:ALU|adder_32bit:a0|adder:a29           ; adder               ; work         ;
;          |adder:a31|                ; 1 (1)               ; 0 (0)                     ; 0                 ; 0          ; 0    ; 0            ; |sample|ALU:ALU|adder_32bit:a0|adder:a31           ; adder               ; work         ;
;          |adder:a3|                 ; 2 (2)               ; 0 (0)                     ; 0                 ; 0          ; 0    ; 0            ; |sample|ALU:ALU|adder_32bit:a0|adder:a3            ; adder               ; work         ;
;          |adder:a4|                 ; 3 (3)               ; 0 (0)                     ; 0                 ; 0          ; 0    ; 0            ; |sample|ALU:ALU|adder_32bit:a0|adder:a4            ; adder               ; work         ;
;          |adder:a6|                 ; 2 (2)               ; 0 (0)                     ; 0                 ; 0          ; 0    ; 0            ; |sample|ALU:ALU|adder_32bit:a0|adder:a6            ; adder               ; work         ;
;          |adder:a8|                 ; 2 (2)               ; 0 (0)                     ; 0                 ; 0          ; 0    ; 0            ; |sample|ALU:ALU|adder_32bit:a0|adder:a8            ; adder               ; work         ;
;          |adder:a9|                 ; 3 (3)               ; 0 (0)                     ; 0                 ; 0          ; 0    ; 0            ; |sample|ALU:ALU|adder_32bit:a0|adder:a9            ; adder               ; work         ;
;    |instruction_decoder:ins_decode| ; 8 (8)               ; 0 (0)                     ; 0                 ; 0          ; 0    ; 0            ; |sample|instruction_decoder:ins_decode             ; instruction_decoder ; work         ;
;    |register:register|              ; 357 (0)             ; 510 (0)                   ; 0                 ; 0          ; 0    ; 0            ; |sample|register:register                          ; register            ; work         ;
;       |adder_32bit:pc|              ; 23 (0)              ; 0 (0)                     ; 0                 ; 0          ; 0    ; 0            ; |sample|register:register|adder_32bit:pc           ; adder_32bit         ; work         ;
;          |adder:a11|                ; 1 (1)               ; 0 (0)                     ; 0                 ; 0          ; 0    ; 0            ; |sample|register:register|adder_32bit:pc|adder:a11 ; adder               ; work         ;
;          |adder:a12|                ; 2 (2)               ; 0 (0)                     ; 0                 ; 0          ; 0    ; 0            ; |sample|register:register|adder_32bit:pc|adder:a12 ; adder               ; work         ;
;          |adder:a15|                ; 2 (2)               ; 0 (0)                     ; 0                 ; 0          ; 0    ; 0            ; |sample|register:register|adder_32bit:pc|adder:a15 ; adder               ; work         ;
;          |adder:a18|                ; 2 (2)               ; 0 (0)                     ; 0                 ; 0          ; 0    ; 0            ; |sample|register:register|adder_32bit:pc|adder:a18 ; adder               ; work         ;
;          |adder:a1|                 ; 1 (1)               ; 0 (0)                     ; 0                 ; 0          ; 0    ; 0            ; |sample|register:register|adder_32bit:pc|adder:a1  ; adder               ; work         ;
;          |adder:a21|                ; 2 (2)               ; 0 (0)                     ; 0                 ; 0          ; 0    ; 0            ; |sample|register:register|adder_32bit:pc|adder:a21 ; adder               ; work         ;
;          |adder:a24|                ; 2 (2)               ; 0 (0)                     ; 0                 ; 0          ; 0    ; 0            ; |sample|register:register|adder_32bit:pc|adder:a24 ; adder               ; work         ;
;          |adder:a26|                ; 1 (1)               ; 0 (0)                     ; 0                 ; 0          ; 0    ; 0            ; |sample|register:register|adder_32bit:pc|adder:a26 ; adder               ; work         ;
;          |adder:a27|                ; 2 (2)               ; 0 (0)                     ; 0                 ; 0          ; 0    ; 0            ; |sample|register:register|adder_32bit:pc|adder:a27 ; adder               ; work         ;
;          |adder:a2|                 ; 1 (1)               ; 0 (0)                     ; 0                 ; 0          ; 0    ; 0            ; |sample|register:register|adder_32bit:pc|adder:a2  ; adder               ; work         ;
;          |adder:a31|                ; 1 (1)               ; 0 (0)                     ; 0                 ; 0          ; 0    ; 0            ; |sample|register:register|adder_32bit:pc|adder:a31 ; adder               ; work         ;
;          |adder:a3|                 ; 2 (2)               ; 0 (0)                     ; 0                 ; 0          ; 0    ; 0            ; |sample|register:register|adder_32bit:pc|adder:a3  ; adder               ; work         ;
;          |adder:a6|                 ; 2 (2)               ; 0 (0)                     ; 0                 ; 0          ; 0    ; 0            ; |sample|register:register|adder_32bit:pc|adder:a6  ; adder               ; work         ;
;          |adder:a9|                 ; 2 (2)               ; 0 (0)                     ; 0                 ; 0          ; 0    ; 0            ; |sample|register:register|adder_32bit:pc|adder:a9  ; adder               ; work         ;
;       |demux1_16:in|                ; 14 (14)             ; 0 (0)                     ; 0                 ; 0          ; 0    ; 0            ; |sample|register:register|demux1_16:in             ; demux1_16           ; work         ;
;       |general_register:R0|         ; 0 (0)               ; 32 (32)                   ; 0                 ; 0          ; 0    ; 0            ; |sample|register:register|general_register:R0      ; general_register    ; work         ;
;       |general_register:R10|        ; 0 (0)               ; 32 (32)                   ; 0                 ; 0          ; 0    ; 0            ; |sample|register:register|general_register:R10     ; general_register    ; work         ;
;       |general_register:R11|        ; 0 (0)               ; 32 (32)                   ; 0                 ; 0          ; 0    ; 0            ; |sample|register:register|general_register:R11     ; general_register    ; work         ;
;       |general_register:R12|        ; 0 (0)               ; 32 (32)                   ; 0                 ; 0          ; 0    ; 0            ; |sample|register:register|general_register:R12     ; general_register    ; work         ;
;       |general_register:R13|        ; 0 (0)               ; 32 (32)                   ; 0                 ; 0          ; 0    ; 0            ; |sample|register:register|general_register:R13     ; general_register    ; work         ;
;       |general_register:R14|        ; 0 (0)               ; 30 (30)                   ; 0                 ; 0          ; 0    ; 0            ; |sample|register:register|general_register:R14     ; general_register    ; work         ;
;       |general_register:R15|        ; 0 (0)               ; 32 (32)                   ; 0                 ; 0          ; 0    ; 0            ; |sample|register:register|general_register:R15     ; general_register    ; work         ;
;       |general_register:R1|         ; 0 (0)               ; 32 (32)                   ; 0                 ; 0          ; 0    ; 0            ; |sample|register:register|general_register:R1      ; general_register    ; work         ;
;       |general_register:R2|         ; 0 (0)               ; 32 (32)                   ; 0                 ; 0          ; 0    ; 0            ; |sample|register:register|general_register:R2      ; general_register    ; work         ;
;       |general_register:R3|         ; 0 (0)               ; 32 (32)                   ; 0                 ; 0          ; 0    ; 0            ; |sample|register:register|general_register:R3      ; general_register    ; work         ;
;       |general_register:R4|         ; 0 (0)               ; 32 (32)                   ; 0                 ; 0          ; 0    ; 0            ; |sample|register:register|general_register:R4      ; general_register    ; work         ;
;       |general_register:R5|         ; 0 (0)               ; 32 (32)                   ; 0                 ; 0          ; 0    ; 0            ; |sample|register:register|general_register:R5      ; general_register    ; work         ;
;       |general_register:R6|         ; 0 (0)               ; 32 (32)                   ; 0                 ; 0          ; 0    ; 0            ; |sample|register:register|general_register:R6      ; general_register    ; work         ;
;       |general_register:R7|         ; 0 (0)               ; 32 (32)                   ; 0                 ; 0          ; 0    ; 0            ; |sample|register:register|general_register:R7      ; general_register    ; work         ;
;       |general_register:R8|         ; 0 (0)               ; 32 (32)                   ; 0                 ; 0          ; 0    ; 0            ; |sample|register:register|general_register:R8      ; general_register    ; work         ;
;       |general_register:R9|         ; 0 (0)               ; 32 (32)                   ; 0                 ; 0          ; 0    ; 0            ; |sample|register:register|general_register:R9      ; general_register    ; work         ;
;       |mux16_1:a|                   ; 320 (0)             ; 0 (0)                     ; 0                 ; 0          ; 0    ; 0            ; |sample|register:register|mux16_1:a                ; mux16_1             ; work         ;
;          |mux4_1:a|                 ; 160 (160)           ; 0 (0)                     ; 0                 ; 0          ; 0    ; 0            ; |sample|register:register|mux16_1:a|mux4_1:a       ; mux4_1              ; work         ;
;          |mux4_1:b|                 ; 160 (160)           ; 0 (0)                     ; 0                 ; 0          ; 0    ; 0            ; |sample|register:register|mux16_1:a|mux4_1:b       ; mux4_1              ; work         ;
;    |sequence_generator:sequence|    ; 2 (2)               ; 5 (5)                     ; 0                 ; 0          ; 0    ; 0            ; |sample|sequence_generator:sequence                ; sequence_generator  ; work         ;
+-------------------------------------+---------------------+---------------------------+-------------------+------------+------+--------------+----------------------------------------------------+---------------------+--------------+
Note: For table entries with two numbers listed, the numbers in parentheses indicate the number of resources of the given type used by the specific entity alone. The numbers listed outside of parentheses indicate the total resources of the given type used by the specific entity and all of its sub-entities in the hierarchy.


+------------------------------------------------------+
; General Register Statistics                          ;
+----------------------------------------------+-------+
; Statistic                                    ; Value ;
+----------------------------------------------+-------+
; Total registers                              ; 516   ;
; Number of registers using Synchronous Clear  ; 1     ;
; Number of registers using Synchronous Load   ; 0     ;
; Number of registers using Asynchronous Clear ; 515   ;
; Number of registers using Asynchronous Load  ; 0     ;
; Number of registers using Clock Enable       ; 515   ;
; Number of registers using Preset             ; 0     ;
+----------------------------------------------+-------+


+--------------------------------------------------+
; Inverted Register Statistics                     ;
+----------------------------------------+---------+
; Inverted Register                      ; Fan out ;
+----------------------------------------+---------+
; sequence_generator:sequence|state[4]   ; 31      ;
; Total number of inverted registers = 1 ;         ;
+----------------------------------------+---------+


+----------------------------------------------------------------------------------------------------------------------------------------------------------------------+
; Multiplexer Restructuring Statistics (Restructuring Performed)                                                                                                       ;
+--------------------+-----------+---------------+----------------------+------------------------+------------+--------------------------------------------------------+
; Multiplexer Inputs ; Bus Width ; Baseline Area ; Area if Restructured ; Saving if Restructured ; Registered ; Example Multiplexer Output                             ;
+--------------------+-----------+---------------+----------------------+------------------------+------------+--------------------------------------------------------+
; 3:1                ; 32 bits   ; 64 LEs        ; 64 LEs               ; 0 LEs                  ; No         ; |sample|DATA_PC_MEM[8]                                 ;
; 16:1               ; 32 bits   ; 320 LEs       ; 320 LEs              ; 0 LEs                  ; No         ; |sample|register:register|mux16_1:a|mux4_1:b|temp2[24] ;
; 16:1               ; 32 bits   ; 320 LEs       ; 320 LEs              ; 0 LEs                  ; No         ; |sample|register:register|mux16_1:a|mux4_1:a|temp2[8]  ;
+--------------------+-----------+---------------+----------------------+------------------------+------------+--------------------------------------------------------+


+-----------------------------------------------------------------------------------------------------------------------+
; Port Connectivity Checks: "register:register|demux1_16:in"                                                            ;
+-------------+--------+----------+-------------------------------------------------------------------------------------+
; Port        ; Type   ; Severity ; Details                                                                             ;
+-------------+--------+----------+-------------------------------------------------------------------------------------+
; out[15..14] ; Output ; Info     ; Connected to dangling logic. Logic that only feeds a dangling port will be removed. ;
+-------------+--------+----------+-------------------------------------------------------------------------------------+


+----------------------------------------------------------------------------------------------------------------+
; Port Connectivity Checks: "register:register|adder_32bit:pc|adder:a31"                                         ;
+------+--------+----------+-------------------------------------------------------------------------------------+
; Port ; Type   ; Severity ; Details                                                                             ;
+------+--------+----------+-------------------------------------------------------------------------------------+
; cout ; Output ; Info     ; Connected to dangling logic. Logic that only feeds a dangling port will be removed. ;
+------+--------+----------+-------------------------------------------------------------------------------------+


+------------------------------------------------------------------------------------------------------------------------------------------------------------------------------------------------------------------+
; Port Connectivity Checks: "register:register|adder_32bit:pc"                                                                                                                                                     ;
+----------+-------+----------+------------------------------------------------------------------------------------------------------------------------------------------------------------------------------------+
; Port     ; Type  ; Severity ; Details                                                                                                                                                                            ;
+----------+-------+----------+------------------------------------------------------------------------------------------------------------------------------------------------------------------------------------+
; b[31..1] ; Input ; Info     ; Stuck at GND                                                                                                                                                                       ;
; cin      ; Input ; Warning  ; Input port expression (32 bits) is wider than the input port (1 bits) it drives.  The 31 most-significant bit(s) in the expression will be dangling if they have no other fanouts. ;
; cin[-1]  ; Input ; Info     ; Stuck at GND                                                                                                                                                                       ;
+----------+-------+----------+------------------------------------------------------------------------------------------------------------------------------------------------------------------------------------+


+-----------------------------------------------------+
; Post-Synthesis Netlist Statistics for Top Partition ;
+-----------------------+-----------------------------+
; Type                  ; Count                       ;
+-----------------------+-----------------------------+
; arriav_ff             ; 516                         ;
;     ENA CLR           ; 515                         ;
;     SCLR              ; 1                           ;
; arriav_lcell_comb     ; 593                         ;
;     extend            ; 7                           ;
;         7 data inputs ; 7                           ;
;     normal            ; 586                         ;
;         1 data inputs ; 2                           ;
;         2 data inputs ; 44                          ;
;         3 data inputs ; 39                          ;
;         4 data inputs ; 70                          ;
;         5 data inputs ; 48                          ;
;         6 data inputs ; 383                         ;
; boundary_port         ; 100                         ;
;                       ;                             ;
; Max LUT depth         ; 16.00                       ;
; Average LUT depth     ; 10.76                       ;
+-----------------------+-----------------------------+


+-------------------------------+
; Elapsed Time Per Partition    ;
+----------------+--------------+
; Partition Name ; Elapsed Time ;
+----------------+--------------+
; Top            ; 00:00:03     ;
+----------------+--------------+


+-------------------------------+
; Analysis & Synthesis Messages ;
+-------------------------------+
Info: *******************************************************************
Info: Running Quartus Prime Analysis & Synthesis
    Info: Version 18.1.0 Build 625 09/12/2018 SJ Lite Edition
    Info: Processing started: Mon Sep 13 22:33:52 2021
Info: Command: quartus_map --read_settings_files=on --write_settings_files=off sample -c sample
Warning (18236): Number of processors has not been specified which may cause overloading on shared machines.  Set the global assignment NUM_PARALLEL_PROCESSORS in your QSF to an appropriate value for best performance.
Info (20030): Parallel compilation is enabled and will use 4 of the 4 processors detected
Warning (10463): Verilog HDL Declaration warning at sample.v(50): "sequence" is SystemVerilog-2005 keyword File: G:/VLSI_ASIC_IC_designs/quartus_project/RISCV_sample/sample.v Line: 50
Warning (10463): Verilog HDL Declaration warning at sample.v(204): "sequence" is SystemVerilog-2005 keyword File: G:/VLSI_ASIC_IC_designs/quartus_project/RISCV_sample/sample.v Line: 204
Info (12021): Found 18 design units, including 18 entities, in source file sample.v
    Info (12023): Found entity 1: sample File: G:/VLSI_ASIC_IC_designs/quartus_project/RISCV_sample/sample.v Line: 6
    Info (12023): Found entity 2: cpu_ram File: G:/VLSI_ASIC_IC_designs/quartus_project/RISCV_sample/sample.v Line: 95
    Info (12023): Found entity 3: cpu_ram_tb File: G:/VLSI_ASIC_IC_designs/quartus_project/RISCV_sample/sample.v Line: 112
    Info (12023): Found entity 4: single_port_ram File: G:/VLSI_ASIC_IC_designs/quartus_project/RISCV_sample/sample.v Line: 138
    Info (12023): Found entity 5: cpu File: G:/VLSI_ASIC_IC_designs/quartus_project/RISCV_sample/sample.v Line: 183
    Info (12023): Found entity 6: cpu_tb File: G:/VLSI_ASIC_IC_designs/quartus_project/RISCV_sample/sample.v Line: 235
    Info (12023): Found entity 7: instruction_decoder File: G:/VLSI_ASIC_IC_designs/quartus_project/RISCV_sample/sample.v Line: 266
    Info (12023): Found entity 8: ALU File: G:/VLSI_ASIC_IC_designs/quartus_project/RISCV_sample/sample.v Line: 308
    Info (12023): Found entity 9: sequence_generator File: G:/VLSI_ASIC_IC_designs/quartus_project/RISCV_sample/sample.v Line: 352
    Info (12023): Found entity 10: sequence_generator_tb File: G:/VLSI_ASIC_IC_designs/quartus_project/RISCV_sample/sample.v Line: 381
    Info (12023): Found entity 11: general_register File: G:/VLSI_ASIC_IC_designs/quartus_project/RISCV_sample/sample.v Line: 409
    Info (12023): Found entity 12: register File: G:/VLSI_ASIC_IC_designs/quartus_project/RISCV_sample/sample.v Line: 425
    Info (12023): Found entity 13: adder_32bit File: G:/VLSI_ASIC_IC_designs/quartus_project/RISCV_sample/sample.v Line: 470
    Info (12023): Found entity 14: adder File: G:/VLSI_ASIC_IC_designs/quartus_project/RISCV_sample/sample.v Line: 518
    Info (12023): Found entity 15: demux1_16 File: G:/VLSI_ASIC_IC_designs/quartus_project/RISCV_sample/sample.v Line: 530
    Info (12023): Found entity 16: mux4_1 File: G:/VLSI_ASIC_IC_designs/quartus_project/RISCV_sample/sample.v Line: 556
    Info (12023): Found entity 17: mux16_1 File: G:/VLSI_ASIC_IC_designs/quartus_project/RISCV_sample/sample.v Line: 567
    Info (12023): Found entity 18: mux16_1_tb File: G:/VLSI_ASIC_IC_designs/quartus_project/RISCV_sample/sample.v Line: 619
Warning (10236): Verilog HDL Implicit Net warning at sample.v(389): created implicit net for "cache" File: G:/VLSI_ASIC_IC_designs/quartus_project/RISCV_sample/sample.v Line: 389
Info (12127): Elaborating entity "sample" for the top level hierarchy
Info (12128): Elaborating entity "sequence_generator" for hierarchy "sequence_generator:sequence" File: G:/VLSI_ASIC_IC_designs/quartus_project/RISCV_sample/sample.v Line: 50
Info (12128): Elaborating entity "instruction_decoder" for hierarchy "instruction_decoder:ins_decode" File: G:/VLSI_ASIC_IC_designs/quartus_project/RISCV_sample/sample.v Line: 57
Warning (10036): Verilog HDL or VHDL warning at sample.v(276): object "temp" assigned a value but never read File: G:/VLSI_ASIC_IC_designs/quartus_project/RISCV_sample/sample.v Line: 276
Warning (10230): Verilog HDL assignment warning at sample.v(276): truncated value with size 10 to match size of target (1) File: G:/VLSI_ASIC_IC_designs/quartus_project/RISCV_sample/sample.v Line: 276
Info (12128): Elaborating entity "register" for hierarchy "register:register" File: G:/VLSI_ASIC_IC_designs/quartus_project/RISCV_sample/sample.v Line: 64
Info (12128): Elaborating entity "general_register" for hierarchy "register:register|general_register:R0" File: G:/VLSI_ASIC_IC_designs/quartus_project/RISCV_sample/sample.v Line: 437
Info (12128): Elaborating entity "adder_32bit" for hierarchy "register:register|adder_32bit:pc" File: G:/VLSI_ASIC_IC_designs/quartus_project/RISCV_sample/sample.v Line: 454
Info (12128): Elaborating entity "adder" for hierarchy "register:register|adder_32bit:pc|adder:a0" File: G:/VLSI_ASIC_IC_designs/quartus_project/RISCV_sample/sample.v Line: 478
Info (12128): Elaborating entity "demux1_16" for hierarchy "register:register|demux1_16:in" File: G:/VLSI_ASIC_IC_designs/quartus_project/RISCV_sample/sample.v Line: 456
Info (12128): Elaborating entity "mux16_1" for hierarchy "register:register|mux16_1:a" File: G:/VLSI_ASIC_IC_designs/quartus_project/RISCV_sample/sample.v Line: 464
Info (12128): Elaborating entity "mux4_1" for hierarchy "register:register|mux16_1:a|mux4_1:a0" File: G:/VLSI_ASIC_IC_designs/quartus_project/RISCV_sample/sample.v Line: 579
Info (12128): Elaborating entity "ALU" for hierarchy "ALU:ALU" File: G:/VLSI_ASIC_IC_designs/quartus_project/RISCV_sample/sample.v Line: 77
Warning (12241): 1 hierarchies have connectivity warnings - see the Connectivity Checks report folder
Info (286030): Timing-Driven Synthesis is running
Info (16010): Generating hard_block partition "hard_block:auto_generated_inst"
    Info (16011): Adding 0 node(s), including 0 DDIO, 0 PLL, 0 transceiver and 0 LCELL
Info (21057): Implemented 1206 device resources after synthesis - the final resource count might be different
    Info (21058): Implemented 35 input pins
    Info (21059): Implemented 65 output pins
    Info (21061): Implemented 1106 logic cells
Info: Quartus Prime Analysis & Synthesis was successful. 0 errors, 7 warnings
    Info: Peak virtual memory: 4841 megabytes
    Info: Processing ended: Mon Sep 13 22:34:08 2021
    Info: Elapsed time: 00:00:16
    Info: Total CPU time (on all processors): 00:00:30


